{"/home/juan/Documentos/kuboShoppingCarBackend/app.js": {"path":"/home/juan/Documentos/kuboShoppingCarBackend/app.js","statementMap":{"0":{"start":{"line":1,"column":14},"end":{"line":1,"column":32}},"1":{"start":{"line":2,"column":11},"end":{"line":2,"column":26}},"2":{"start":{"line":3,"column":19},"end":{"line":3,"column":43}},"3":{"start":{"line":4,"column":13},"end":{"line":4,"column":30}},"4":{"start":{"line":5,"column":18},"end":{"line":5,"column":58}},"5":{"start":{"line":8,"column":17},"end":{"line":8,"column":32}},"6":{"start":{"line":14,"column":21},"end":{"line":14,"column":62}},"7":{"start":{"line":15,"column":19},"end":{"line":15,"column":57}},"8":{"start":{"line":18,"column":10},"end":{"line":18,"column":19}},"9":{"start":{"line":21,"column":0},"end":{"line":21,"column":48}},"10":{"start":{"line":22,"column":0},"end":{"line":22,"column":31}},"11":{"start":{"line":24,"column":0},"end":{"line":24,"column":23}},"12":{"start":{"line":25,"column":0},"end":{"line":25,"column":24}},"13":{"start":{"line":26,"column":0},"end":{"line":26,"column":49}},"14":{"start":{"line":27,"column":0},"end":{"line":27,"column":24}},"15":{"start":{"line":28,"column":0},"end":{"line":34,"column":3}},"16":{"start":{"line":29,"column":2},"end":{"line":29,"column":49}},"17":{"start":{"line":30,"column":2},"end":{"line":30,"column":158}},"18":{"start":{"line":31,"column":2},"end":{"line":31,"column":80}},"19":{"start":{"line":32,"column":2},"end":{"line":32,"column":57}},"20":{"start":{"line":33,"column":2},"end":{"line":33,"column":9}},"21":{"start":{"line":35,"column":0},"end":{"line":35,"column":56}},"22":{"start":{"line":39,"column":0},"end":{"line":39,"column":35}},"23":{"start":{"line":40,"column":0},"end":{"line":40,"column":31}},"24":{"start":{"line":44,"column":0},"end":{"line":47,"column":3}},"25":{"start":{"line":45,"column":15},"end":{"line":45,"column":50}},"26":{"start":{"line":46,"column":2},"end":{"line":46,"column":48}},"27":{"start":{"line":49,"column":0},"end":{"line":49,"column":21}}},"fnMap":{"0":{"name":"(anonymous_0)","decl":{"start":{"line":28,"column":8},"end":{"line":28,"column":9}},"loc":{"start":{"line":28,"column":28},"end":{"line":34,"column":1}},"line":28},"1":{"name":"(anonymous_1)","decl":{"start":{"line":44,"column":8},"end":{"line":44,"column":9}},"loc":{"start":{"line":44,"column":39},"end":{"line":47,"column":1}},"line":44}},"branchMap":{},"s":{"0":2,"1":2,"2":2,"3":2,"4":2,"5":2,"6":2,"7":2,"8":2,"9":2,"10":2,"11":2,"12":2,"13":2,"14":2,"15":2,"16":14,"17":14,"18":14,"19":14,"20":14,"21":2,"22":2,"23":2,"24":2,"25":4,"26":4,"27":2},"f":{"0":14,"1":4},"b":{},"_coverageSchema":"1a1c01bbd47fc00a2c39e90264f33305004495a9","hash":"499aea5942f111aa66baabc86a4d50e990a8072e"}
,"/home/juan/Documentos/kuboShoppingCarBackend/db.js": {"path":"/home/juan/Documentos/kuboShoppingCarBackend/db.js","statementMap":{"0":{"start":{"line":1,"column":15},"end":{"line":1,"column":41}},"1":{"start":{"line":2,"column":17},"end":{"line":2,"column":36}},"2":{"start":{"line":3,"column":15},"end":{"line":3,"column":23}},"3":{"start":{"line":4,"column":0},"end":{"line":8,"column":3}},"4":{"start":{"line":9,"column":0},"end":{"line":10,"column":21}}},"fnMap":{"0":{"name":"(anonymous_0)","decl":{"start":{"line":5,"column":7},"end":{"line":5,"column":8}},"loc":{"start":{"line":5,"column":14},"end":{"line":8,"column":1}},"line":5}},"branchMap":{},"s":{"0":2,"1":2,"2":2,"3":2,"4":2},"f":{"0":0},"b":{},"_coverageSchema":"1a1c01bbd47fc00a2c39e90264f33305004495a9","hash":"deb7832e31482ccf50f2aa777964538ba7a6718f"}
,"/home/juan/Documentos/kuboShoppingCarBackend/config/config.js": {"path":"/home/juan/Documentos/kuboShoppingCarBackend/config/config.js","statementMap":{"0":{"start":{"line":1,"column":0},"end":{"line":8,"column":4}}},"fnMap":{"0":{"name":"configSetup","decl":{"start":{"line":1,"column":26},"end":{"line":1,"column":37}},"loc":{"start":{"line":1,"column":40},"end":{"line":8,"column":3}},"line":1}},"branchMap":{},"s":{"0":2},"f":{"0":2},"b":{},"_coverageSchema":"1a1c01bbd47fc00a2c39e90264f33305004495a9","hash":"13b1f5a835394406103021b081051663716ab342"}
,"/home/juan/Documentos/kuboShoppingCarBackend/error-handler/error-handler.js": {"path":"/home/juan/Documentos/kuboShoppingCarBackend/error-handler/error-handler.js","statementMap":{"0":{"start":{"line":1,"column":13},"end":{"line":1,"column":34}},"1":{"start":{"line":3,"column":0},"end":{"line":16,"column":6}},"2":{"start":{"line":5,"column":4},"end":{"line":15,"column":6}},"3":{"start":{"line":6,"column":6},"end":{"line":14,"column":7}},"4":{"start":{"line":7,"column":21},"end":{"line":7,"column":61}},"5":{"start":{"line":8,"column":8},"end":{"line":8,"column":35}},"6":{"start":{"line":18,"column":38},"end":{"line":27,"column":3}},"7":{"start":{"line":19,"column":4},"end":{"line":26,"column":7}},"8":{"start":{"line":21,"column":6},"end":{"line":23,"column":7}},"9":{"start":{"line":22,"column":8},"end":{"line":22,"column":28}},"10":{"start":{"line":29,"column":24},"end":{"line":36,"column":3}},"11":{"start":{"line":30,"column":4},"end":{"line":35,"column":7}}},"fnMap":{"0":{"name":"errorHandler","decl":{"start":{"line":3,"column":30},"end":{"line":3,"column":42}},"loc":{"start":{"line":3,"column":45},"end":{"line":16,"column":3}},"line":3},"1":{"name":"handleError","decl":{"start":{"line":5,"column":38},"end":{"line":5,"column":49}},"loc":{"start":{"line":5,"column":57},"end":{"line":15,"column":5}},"line":5},"2":{"name":"determineIfOperationalError","decl":{"start":{"line":18,"column":47},"end":{"line":18,"column":74}},"loc":{"start":{"line":18,"column":80},"end":{"line":27,"column":3}},"line":18},"3":{"name":"(anonymous_3)","decl":{"start":{"line":19,"column":23},"end":{"line":19,"column":24}},"loc":{"start":{"line":19,"column":36},"end":{"line":26,"column":5}},"line":19},"4":{"name":"beautifyError","decl":{"start":{"line":29,"column":33},"end":{"line":29,"column":46}},"loc":{"start":{"line":29,"column":52},"end":{"line":36,"column":3}},"line":29}},"branchMap":{"0":{"loc":{"start":{"line":21,"column":6},"end":{"line":23,"column":7}},"type":"if","locations":[{"start":{"line":21,"column":6},"end":{"line":23,"column":7}}],"line":21},"1":{"loc":{"start":{"line":34,"column":20},"end":{"line":34,"column":34}},"type":"binary-expr","locations":[{"start":{"line":34,"column":20},"end":{"line":34,"column":28}},{"start":{"line":34,"column":32},"end":{"line":34,"column":34}}],"line":34}},"s":{"0":2,"1":2,"2":2,"3":4,"4":4,"5":4,"6":2,"7":4,"8":4,"9":0,"10":2,"11":4},"f":{"0":2,"1":4,"2":4,"3":4,"4":4},"b":{"0":[0],"1":[4,4]},"_coverageSchema":"1a1c01bbd47fc00a2c39e90264f33305004495a9","hash":"97fac8171d2f1b5e7dad30a466d93a5e4e883d64"}
,"/home/juan/Documentos/kuboShoppingCarBackend/module/order/controller/orderController.js": {"path":"/home/juan/Documentos/kuboShoppingCarBackend/module/order/controller/orderController.js","statementMap":{"0":{"start":{"line":1,"column":21},"end":{"line":1,"column":55}},"1":{"start":{"line":3,"column":22},"end":{"line":14,"column":1}},"2":{"start":{"line":6,"column":8},"end":{"line":12,"column":9}},"3":{"start":{"line":7,"column":24},"end":{"line":7,"column":63}},"4":{"start":{"line":8,"column":12},"end":{"line":8,"column":39}},"5":{"start":{"line":11,"column":12},"end":{"line":11,"column":23}},"6":{"start":{"line":16,"column":0},"end":{"line":16,"column":33}}},"fnMap":{"0":{"name":"(anonymous_0)","decl":{"start":{"line":5,"column":16},"end":{"line":5,"column":17}},"loc":{"start":{"line":5,"column":37},"end":{"line":13,"column":5}},"line":5}},"branchMap":{},"s":{"0":2,"1":2,"2":7,"3":7,"4":3,"5":4,"6":2},"f":{"0":7},"b":{},"_coverageSchema":"1a1c01bbd47fc00a2c39e90264f33305004495a9","hash":"ee8795a9bbcf91c026152cacb3a480599aff6c53"}
,"/home/juan/Documentos/kuboShoppingCarBackend/module/order/model/orders.js": {"path":"/home/juan/Documentos/kuboShoppingCarBackend/module/order/model/orders.js","statementMap":{"0":{"start":{"line":1,"column":17},"end":{"line":1,"column":36}},"1":{"start":{"line":2,"column":15},"end":{"line":2,"column":30}},"2":{"start":{"line":3,"column":21},"end":{"line":3,"column":60}},"3":{"start":{"line":4,"column":15},"end":{"line":4,"column":32}},"4":{"start":{"line":5,"column":17},"end":{"line":5,"column":48}},"5":{"start":{"line":9,"column":18},"end":{"line":35,"column":2}},"6":{"start":{"line":37,"column":0},"end":{"line":37,"column":29}},"7":{"start":{"line":39,"column":0},"end":{"line":71,"column":2}},"8":{"start":{"line":40,"column":12},"end":{"line":40,"column":16}},"9":{"start":{"line":41,"column":14},"end":{"line":41,"column":51}},"10":{"start":{"line":41,"column":34},"end":{"line":41,"column":50}},"11":{"start":{"line":42,"column":18},"end":{"line":42,"column":61}},"12":{"start":{"line":43,"column":21},"end":{"line":43,"column":79}},"13":{"start":{"line":43,"column":61},"end":{"line":43,"column":77}},"14":{"start":{"line":44,"column":4},"end":{"line":46,"column":5}},"15":{"start":{"line":45,"column":8},"end":{"line":45,"column":68}},"16":{"start":{"line":47,"column":18},"end":{"line":47,"column":20}},"17":{"start":{"line":48,"column":17},"end":{"line":48,"column":18}},"18":{"start":{"line":49,"column":4},"end":{"line":60,"column":7}},"19":{"start":{"line":50,"column":22},"end":{"line":50,"column":79}},"20":{"start":{"line":50,"column":41},"end":{"line":50,"column":78}},"21":{"start":{"line":51,"column":8},"end":{"line":51,"column":40}},"22":{"start":{"line":53,"column":8},"end":{"line":53,"column":42}},"23":{"start":{"line":55,"column":8},"end":{"line":58,"column":9}},"24":{"start":{"line":56,"column":12},"end":{"line":56,"column":120}},"25":{"start":{"line":59,"column":8},"end":{"line":59,"column":30}},"26":{"start":{"line":62,"column":19},"end":{"line":62,"column":21}},"27":{"start":{"line":64,"column":4},"end":{"line":66,"column":5}},"28":{"start":{"line":65,"column":8},"end":{"line":65,"column":42}},"29":{"start":{"line":67,"column":4},"end":{"line":67,"column":32}},"30":{"start":{"line":69,"column":4},"end":{"line":69,"column":28}},"31":{"start":{"line":73,"column":13},"end":{"line":73,"column":48}},"32":{"start":{"line":74,"column":0},"end":{"line":74,"column":24}}},"fnMap":{"0":{"name":"(anonymous_0)","decl":{"start":{"line":39,"column":23},"end":{"line":39,"column":24}},"loc":{"start":{"line":39,"column":39},"end":{"line":71,"column":1}},"line":39},"1":{"name":"(anonymous_1)","decl":{"start":{"line":41,"column":31},"end":{"line":41,"column":32}},"loc":{"start":{"line":41,"column":34},"end":{"line":41,"column":50}},"line":41},"2":{"name":"(anonymous_2)","decl":{"start":{"line":43,"column":56},"end":{"line":43,"column":57}},"loc":{"start":{"line":43,"column":61},"end":{"line":43,"column":77}},"line":43},"3":{"name":"(anonymous_3)","decl":{"start":{"line":49,"column":25},"end":{"line":49,"column":26}},"loc":{"start":{"line":49,"column":30},"end":{"line":60,"column":5}},"line":49},"4":{"name":"(anonymous_4)","decl":{"start":{"line":50,"column":36},"end":{"line":50,"column":37}},"loc":{"start":{"line":50,"column":41},"end":{"line":50,"column":78}},"line":50}},"branchMap":{"0":{"loc":{"start":{"line":44,"column":4},"end":{"line":46,"column":5}},"type":"if","locations":[{"start":{"line":44,"column":4},"end":{"line":46,"column":5}},{"start":{"line":44,"column":4},"end":{"line":46,"column":5}}],"line":44},"1":{"loc":{"start":{"line":55,"column":8},"end":{"line":58,"column":9}},"type":"if","locations":[{"start":{"line":55,"column":8},"end":{"line":58,"column":9}},{"start":{"line":55,"column":8},"end":{"line":58,"column":9}}],"line":55}},"s":{"0":2,"1":2,"2":2,"3":2,"4":2,"5":2,"6":2,"7":2,"8":5,"9":5,"10":5,"11":5,"12":5,"13":4,"14":5,"15":1,"16":4,"17":4,"18":4,"19":4,"20":4,"21":4,"22":4,"23":4,"24":1,"25":3,"26":3,"27":3,"28":3,"29":3,"30":3,"31":2,"32":2},"f":{"0":5,"1":5,"2":4,"3":4,"4":4},"b":{"0":[1,4],"1":[1,3]},"_coverageSchema":"1a1c01bbd47fc00a2c39e90264f33305004495a9","hash":"a7b52d4ac6eccb74085366ba5ece7f449d8f930b"}
,"/home/juan/Documentos/kuboShoppingCarBackend/module/order/route/orders.js": {"path":"/home/juan/Documentos/kuboShoppingCarBackend/module/order/route/orders.js","statementMap":{"0":{"start":{"line":1,"column":16},"end":{"line":1,"column":34}},"1":{"start":{"line":2,"column":19},"end":{"line":2,"column":41}},"2":{"start":{"line":3,"column":24},"end":{"line":3,"column":64}},"3":{"start":{"line":5,"column":20},"end":{"line":5,"column":36}},"4":{"start":{"line":7,"column":0},"end":{"line":7,"column":34}},"5":{"start":{"line":9,"column":0},"end":{"line":10,"column":32}},"6":{"start":{"line":12,"column":0},"end":{"line":12,"column":29}}},"fnMap":{},"branchMap":{},"s":{"0":2,"1":2,"2":2,"3":2,"4":2,"5":2,"6":2},"f":{},"b":{},"_coverageSchema":"1a1c01bbd47fc00a2c39e90264f33305004495a9","hash":"0d95bab4cddbfc979788e0433093c977b2655c4c"}
,"/home/juan/Documentos/kuboShoppingCarBackend/module/order/service/orderService.js": {"path":"/home/juan/Documentos/kuboShoppingCarBackend/module/order/service/orderService.js","statementMap":{"0":{"start":{"line":1,"column":17},"end":{"line":1,"column":36}},"1":{"start":{"line":2,"column":19},"end":{"line":2,"column":45}},"2":{"start":{"line":3,"column":20},"end":{"line":3,"column":37}},"3":{"start":{"line":5,"column":19},"end":{"line":14,"column":1}},"4":{"start":{"line":7,"column":8},"end":{"line":11,"column":9}},"5":{"start":{"line":8,"column":12},"end":{"line":8,"column":42}},"6":{"start":{"line":9,"column":15},"end":{"line":11,"column":9}},"7":{"start":{"line":10,"column":12},"end":{"line":10,"column":60}},"8":{"start":{"line":12,"column":8},"end":{"line":12,"column":45}},"9":{"start":{"line":16,"column":0},"end":{"line":16,"column":30}}},"fnMap":{"0":{"name":"(anonymous_0)","decl":{"start":{"line":6,"column":16},"end":{"line":6,"column":17}},"loc":{"start":{"line":6,"column":33},"end":{"line":13,"column":5}},"line":6}},"branchMap":{"0":{"loc":{"start":{"line":7,"column":8},"end":{"line":11,"column":9}},"type":"if","locations":[{"start":{"line":7,"column":8},"end":{"line":11,"column":9}},{"start":{"line":7,"column":8},"end":{"line":11,"column":9}}],"line":7},"1":{"loc":{"start":{"line":7,"column":12},"end":{"line":7,"column":37}},"type":"binary-expr","locations":[{"start":{"line":7,"column":12},"end":{"line":7,"column":18}},{"start":{"line":7,"column":23},"end":{"line":7,"column":37}}],"line":7},"2":{"loc":{"start":{"line":9,"column":15},"end":{"line":11,"column":9}},"type":"if","locations":[{"start":{"line":9,"column":15},"end":{"line":11,"column":9}},{"start":{"line":9,"column":15},"end":{"line":11,"column":9}}],"line":9}},"s":{"0":2,"1":2,"2":2,"3":2,"4":7,"5":1,"6":6,"7":1,"8":5,"9":2},"f":{"0":7},"b":{"0":[1,6],"1":[7,7],"2":[1,5]},"_coverageSchema":"1a1c01bbd47fc00a2c39e90264f33305004495a9","hash":"6f632adbaf5ffc40096e9bc5e859d60e190b7a2d"}
,"/home/juan/Documentos/kuboShoppingCarBackend/module/product/controller/productController.js": {"path":"/home/juan/Documentos/kuboShoppingCarBackend/module/product/controller/productController.js","statementMap":{"0":{"start":{"line":1,"column":23},"end":{"line":1,"column":59}},"1":{"start":{"line":5,"column":24},"end":{"line":51,"column":1}},"2":{"start":{"line":8,"column":8},"end":{"line":21,"column":9}},"3":{"start":{"line":9,"column":26},"end":{"line":9,"column":105}},"4":{"start":{"line":10,"column":12},"end":{"line":10,"column":55}},"5":{"start":{"line":11,"column":12},"end":{"line":11,"column":54}},"6":{"start":{"line":12,"column":24},"end":{"line":12,"column":39}},"7":{"start":{"line":13,"column":27},"end":{"line":13,"column":75}},"8":{"start":{"line":14,"column":23},"end":{"line":14,"column":26}},"9":{"start":{"line":15,"column":12},"end":{"line":15,"column":43}},"10":{"start":{"line":26,"column":8},"end":{"line":37,"column":9}},"11":{"start":{"line":27,"column":27},"end":{"line":27,"column":84}},"12":{"start":{"line":28,"column":12},"end":{"line":33,"column":13}},"13":{"start":{"line":29,"column":16},"end":{"line":29,"column":71}},"14":{"start":{"line":31,"column":27},"end":{"line":31,"column":30}},"15":{"start":{"line":32,"column":16},"end":{"line":32,"column":47}},"16":{"start":{"line":41,"column":8},"end":{"line":46,"column":9}},"17":{"start":{"line":42,"column":27},"end":{"line":42,"column":63}},"18":{"start":{"line":43,"column":12},"end":{"line":43,"column":42}},"19":{"start":{"line":45,"column":12},"end":{"line":45,"column":23}},"20":{"start":{"line":53,"column":0},"end":{"line":53,"column":35}}},"fnMap":{"0":{"name":"(anonymous_0)","decl":{"start":{"line":7,"column":17},"end":{"line":7,"column":18}},"loc":{"start":{"line":7,"column":43},"end":{"line":23,"column":5}},"line":7},"1":{"name":"(anonymous_1)","decl":{"start":{"line":25,"column":19},"end":{"line":25,"column":20}},"loc":{"start":{"line":25,"column":45},"end":{"line":38,"column":5}},"line":25},"2":{"name":"(anonymous_2)","decl":{"start":{"line":40,"column":19},"end":{"line":40,"column":20}},"loc":{"start":{"line":40,"column":45},"end":{"line":48,"column":5}},"line":40}},"branchMap":{"0":{"loc":{"start":{"line":9,"column":35},"end":{"line":9,"column":66}},"type":"binary-expr","locations":[{"start":{"line":9,"column":35},"end":{"line":9,"column":60}},{"start":{"line":9,"column":64},"end":{"line":9,"column":66}}],"line":9},"1":{"loc":{"start":{"line":9,"column":83},"end":{"line":9,"column":102}},"type":"binary-expr","locations":[{"start":{"line":9,"column":83},"end":{"line":9,"column":97}},{"start":{"line":9,"column":101},"end":{"line":9,"column":102}}],"line":9},"2":{"loc":{"start":{"line":12,"column":24},"end":{"line":12,"column":39}},"type":"binary-expr","locations":[{"start":{"line":12,"column":24},"end":{"line":12,"column":33}},{"start":{"line":12,"column":37},"end":{"line":12,"column":39}}],"line":12},"3":{"loc":{"start":{"line":28,"column":12},"end":{"line":33,"column":13}},"type":"if","locations":[{"start":{"line":28,"column":12},"end":{"line":33,"column":13}},{"start":{"line":28,"column":12},"end":{"line":33,"column":13}}],"line":28},"4":{"loc":{"start":{"line":28,"column":16},"end":{"line":28,"column":50}},"type":"binary-expr","locations":[{"start":{"line":28,"column":16},"end":{"line":28,"column":25}},{"start":{"line":28,"column":29},"end":{"line":28,"column":50}}],"line":28}},"s":{"0":2,"1":2,"2":4,"3":4,"4":4,"5":4,"6":4,"7":4,"8":4,"9":4,"10":2,"11":2,"12":2,"13":1,"14":1,"15":1,"16":1,"17":1,"18":1,"19":0,"20":2},"f":{"0":4,"1":2,"2":1},"b":{"0":[4,3],"1":[4,3],"2":[4,0],"3":[1,1],"4":[2,1]},"_coverageSchema":"1a1c01bbd47fc00a2c39e90264f33305004495a9","hash":"63cb304a9170e1bae4cdb303b712518e3007e8b3"}
,"/home/juan/Documentos/kuboShoppingCarBackend/module/product/model/products.js": {"path":"/home/juan/Documentos/kuboShoppingCarBackend/module/product/model/products.js","statementMap":{"0":{"start":{"line":1,"column":17},"end":{"line":1,"column":36}},"1":{"start":{"line":2,"column":15},"end":{"line":2,"column":30}},"2":{"start":{"line":3,"column":17},"end":{"line":3,"column":48}},"3":{"start":{"line":5,"column":20},"end":{"line":36,"column":1}},"4":{"start":{"line":37,"column":0},"end":{"line":37,"column":31}},"5":{"start":{"line":39,"column":15},"end":{"line":39,"column":54}},"6":{"start":{"line":41,"column":0},"end":{"line":41,"column":25}}},"fnMap":{},"branchMap":{},"s":{"0":2,"1":2,"2":2,"3":2,"4":2,"5":2,"6":2},"f":{},"b":{},"_coverageSchema":"1a1c01bbd47fc00a2c39e90264f33305004495a9","hash":"747c0170933f6da7c26cbf5f3e501f2585b61b90"}
,"/home/juan/Documentos/kuboShoppingCarBackend/module/product/route/product.js": {"path":"/home/juan/Documentos/kuboShoppingCarBackend/module/product/route/product.js","statementMap":{"0":{"start":{"line":1,"column":16},"end":{"line":1,"column":34}},"1":{"start":{"line":2,"column":22},"end":{"line":2,"column":38}},"2":{"start":{"line":3,"column":19},"end":{"line":3,"column":41}},"3":{"start":{"line":4,"column":19},"end":{"line":4,"column":61}},"4":{"start":{"line":6,"column":0},"end":{"line":6,"column":36}},"5":{"start":{"line":8,"column":0},"end":{"line":9,"column":28}},"6":{"start":{"line":12,"column":0},"end":{"line":13,"column":30}},"7":{"start":{"line":15,"column":0},"end":{"line":16,"column":30}},"8":{"start":{"line":18,"column":0},"end":{"line":18,"column":31}}},"fnMap":{},"branchMap":{},"s":{"0":2,"1":2,"2":2,"3":2,"4":2,"5":2,"6":2,"7":2,"8":2},"f":{},"b":{},"_coverageSchema":"1a1c01bbd47fc00a2c39e90264f33305004495a9","hash":"d7e844cb6cad9f7be823c5266f430b6c1efd844f"}
,"/home/juan/Documentos/kuboShoppingCarBackend/module/product/service/productService.js": {"path":"/home/juan/Documentos/kuboShoppingCarBackend/module/product/service/productService.js","statementMap":{"0":{"start":{"line":1,"column":21},"end":{"line":1,"column":49}},"1":{"start":{"line":4,"column":21},"end":{"line":21,"column":1}},"2":{"start":{"line":7,"column":23},"end":{"line":7,"column":65}},"3":{"start":{"line":8,"column":8},"end":{"line":8,"column":23}},"4":{"start":{"line":13,"column":26},"end":{"line":13,"column":57}},"5":{"start":{"line":14,"column":12},"end":{"line":14,"column":26}},"6":{"start":{"line":18,"column":8},"end":{"line":18,"column":54}},"7":{"start":{"line":23,"column":0},"end":{"line":23,"column":32}}},"fnMap":{"0":{"name":"(anonymous_0)","decl":{"start":{"line":6,"column":18},"end":{"line":6,"column":19}},"loc":{"start":{"line":6,"column":40},"end":{"line":9,"column":5}},"line":6},"1":{"name":"(anonymous_1)","decl":{"start":{"line":11,"column":21},"end":{"line":11,"column":22}},"loc":{"start":{"line":11,"column":32},"end":{"line":15,"column":5}},"line":11},"2":{"name":"(anonymous_2)","decl":{"start":{"line":17,"column":20},"end":{"line":17,"column":21}},"loc":{"start":{"line":17,"column":29},"end":{"line":19,"column":5}},"line":17}},"branchMap":{},"s":{"0":2,"1":2,"2":4,"3":4,"4":2,"5":2,"6":1,"7":2},"f":{"0":4,"1":2,"2":1},"b":{},"_coverageSchema":"1a1c01bbd47fc00a2c39e90264f33305004495a9","hash":"a7872f8e195d266dd54fc891d5761a134de20c4f"}
}
