TN:
SF:app.js
FN:28,(anonymous_0)
FN:44,(anonymous_1)
FNF:2
FNH:2
FNDA:14,(anonymous_0)
FNDA:4,(anonymous_1)
DA:1,2
DA:2,2
DA:3,2
DA:4,2
DA:5,2
DA:8,2
DA:14,2
DA:15,2
DA:18,2
DA:21,2
DA:22,2
DA:24,2
DA:25,2
DA:26,2
DA:27,2
DA:28,2
DA:29,14
DA:30,14
DA:31,14
DA:32,14
DA:33,14
DA:35,2
DA:39,2
DA:40,2
DA:44,2
DA:45,4
DA:46,4
DA:49,2
LF:28
LH:28
BRF:0
BRH:0
end_of_record
TN:
SF:db.js
FN:5,(anonymous_0)
FNF:1
FNH:0
FNDA:0,(anonymous_0)
DA:1,2
DA:2,2
DA:3,2
DA:4,2
DA:9,2
LF:5
LH:5
BRF:0
BRH:0
end_of_record
TN:
SF:config/config.js
FN:1,configSetup
FNF:1
FNH:1
FNDA:2,configSetup
DA:1,2
LF:1
LH:1
BRF:0
BRH:0
end_of_record
TN:
SF:error-handler/error-handler.js
FN:3,errorHandler
FN:5,handleError
FN:18,determineIfOperationalError
FN:19,(anonymous_3)
FN:29,beautifyError
FNF:5
FNH:5
FNDA:2,errorHandler
FNDA:4,handleError
FNDA:4,determineIfOperationalError
FNDA:4,(anonymous_3)
FNDA:4,beautifyError
DA:1,2
DA:3,2
DA:5,2
DA:6,4
DA:7,4
DA:8,4
DA:18,2
DA:19,4
DA:21,4
DA:22,0
DA:29,2
DA:30,4
LF:12
LH:11
BRDA:21,0,0,0
BRDA:34,1,0,4
BRDA:34,1,1,4
BRF:3
BRH:2
end_of_record
TN:
SF:module/order/controller/orderController.js
FN:5,(anonymous_0)
FNF:1
FNH:1
FNDA:7,(anonymous_0)
DA:1,2
DA:3,2
DA:6,7
DA:7,7
DA:8,3
DA:11,4
DA:16,2
LF:7
LH:7
BRF:0
BRH:0
end_of_record
TN:
SF:module/order/model/orders.js
FN:39,(anonymous_0)
FN:41,(anonymous_1)
FN:43,(anonymous_2)
FN:49,(anonymous_3)
FN:50,(anonymous_4)
FNF:5
FNH:5
FNDA:5,(anonymous_0)
FNDA:5,(anonymous_1)
FNDA:4,(anonymous_2)
FNDA:4,(anonymous_3)
FNDA:4,(anonymous_4)
DA:1,2
DA:2,2
DA:3,2
DA:4,2
DA:5,2
DA:9,2
DA:37,2
DA:39,2
DA:40,5
DA:41,5
DA:42,5
DA:43,5
DA:44,5
DA:45,1
DA:47,4
DA:48,4
DA:49,4
DA:50,4
DA:51,4
DA:53,4
DA:55,4
DA:56,1
DA:59,3
DA:62,3
DA:64,3
DA:65,3
DA:67,3
DA:69,3
DA:73,2
DA:74,2
LF:30
LH:30
BRDA:44,0,0,1
BRDA:44,0,1,4
BRDA:55,1,0,1
BRDA:55,1,1,3
BRF:4
BRH:4
end_of_record
TN:
SF:module/order/route/orders.js
FNF:0
FNH:0
DA:1,2
DA:2,2
DA:3,2
DA:5,2
DA:7,2
DA:9,2
DA:12,2
LF:7
LH:7
BRF:0
BRH:0
end_of_record
TN:
SF:module/order/service/orderService.js
FN:6,(anonymous_0)
FNF:1
FNH:1
FNDA:7,(anonymous_0)
DA:1,2
DA:2,2
DA:3,2
DA:5,2
DA:7,7
DA:8,1
DA:9,6
DA:10,1
DA:12,5
DA:16,2
LF:10
LH:10
BRDA:7,0,0,1
BRDA:7,0,1,6
BRDA:7,1,0,7
BRDA:7,1,1,7
BRDA:9,2,0,1
BRDA:9,2,1,5
BRF:6
BRH:6
end_of_record
TN:
SF:module/product/controller/productController.js
FN:7,(anonymous_0)
FN:25,(anonymous_1)
FN:40,(anonymous_2)
FNF:3
FNH:3
FNDA:4,(anonymous_0)
FNDA:2,(anonymous_1)
FNDA:1,(anonymous_2)
DA:1,2
DA:5,2
DA:8,4
DA:9,4
DA:10,4
DA:11,4
DA:12,4
DA:13,4
DA:14,4
DA:15,4
DA:26,2
DA:27,2
DA:28,2
DA:29,1
DA:31,1
DA:32,1
DA:41,1
DA:42,1
DA:43,1
DA:45,0
DA:53,2
LF:21
LH:20
BRDA:9,0,0,4
BRDA:9,0,1,3
BRDA:9,1,0,4
BRDA:9,1,1,3
BRDA:12,2,0,4
BRDA:12,2,1,0
BRDA:28,3,0,1
BRDA:28,3,1,1
BRDA:28,4,0,2
BRDA:28,4,1,1
BRF:10
BRH:9
end_of_record
TN:
SF:module/product/model/products.js
FNF:0
FNH:0
DA:1,2
DA:2,2
DA:3,2
DA:5,2
DA:37,2
DA:39,2
DA:41,2
LF:7
LH:7
BRF:0
BRH:0
end_of_record
TN:
SF:module/product/route/product.js
FNF:0
FNH:0
DA:1,2
DA:2,2
DA:3,2
DA:4,2
DA:6,2
DA:8,2
DA:12,2
DA:15,2
DA:18,2
LF:9
LH:9
BRF:0
BRH:0
end_of_record
TN:
SF:module/product/service/productService.js
FN:6,(anonymous_0)
FN:11,(anonymous_1)
FN:17,(anonymous_2)
FNF:3
FNH:3
FNDA:4,(anonymous_0)
FNDA:2,(anonymous_1)
FNDA:1,(anonymous_2)
DA:1,2
DA:4,2
DA:7,4
DA:8,4
DA:13,2
DA:14,2
DA:18,1
DA:23,2
LF:8
LH:8
BRF:0
BRH:0
end_of_record
